Date :05/14/2023, 02:34:41
Duration: 5
Sample rate: 32000
nfft: 768
fmin: 20
nmels: 128
fmax: 16000
trainbs: 32
validbs: 192
epochwarmup: 0
totalepoch: 40
learningrate: 0.001
weightdecay: 0.01
thrupsample: 50
model_name: tf_efficientnetv2_b2
mix_up: 0.2
hop_length: 256
train_with_mixup: True
num_channels: 1
use_spec_augmenter: False
use_drop_path: True
76407
Fold: 0
Date :05/14/2023, 02:34:58
Duration: 5
Sample rate: 32000
nfft: 768
fmin: 20
nmels: 128
fmax: 16000
trainbs: 32
validbs: 192
epochwarmup: 0
totalepoch: 40
learningrate: 0.001
weightdecay: 0.01
thrupsample: 50
model_name: tf_efficientnetv2_b2
mix_up: 0.2
hop_length: 256
train_with_mixup: True
num_channels: 1
use_spec_augmenter: False
use_drop_path: True
76407
Fold: 0
a1: 0.6937323135173985
a2: 0.257843135443901
a3: 0.013153408823788099
a4: 0.035271142214912427
65200
15282
Val cmap: 0.913703
Valid loss: 1.336431
0.8478318701782388
a1: 0.720851618618346
a2: 0.2646901786546922
a3: 0.0009314628127102604
a4: 0.013526739914251538
65200
15282
Val cmap: 0.913742
Valid loss: 1.335582
0.8479366873940078
a1: 0.4100382340998717
a2: 0.029604937720546853
a3: 0.0017115421256902786
a4: 0.5586452860538912
65200
15282
Val cmap: 0.913547
Valid loss: 1.350079
0.8483091787439614
a1: 0.5034775764035694
a2: 0.09994692322484082
a3: 0.08337430214449879
a4: 0.313201198227091
65200
15282
Val cmap: 0.913606
Valid loss: 1.345844
0.848131619263305
a1: 0.19177019100713733
a2: 0.5660120151476459
a3: 0.004637129988249596
a4: 0.23758066385696722
65200
15282
Val cmap: 0.913619
Valid loss: 1.340547
0.848125707437246
a1: 0.7669601802716342
a2: 0.002080856070885987
a3: 0.0016824296321262741
a4: 0.22927653402535358
65200
15282
Date :05/14/2023, 02:54:29
Duration: 5
Sample rate: 32000
nfft: 768
fmin: 20
nmels: 128
fmax: 16000
trainbs: 32
validbs: 192
epochwarmup: 0
totalepoch: 40
learningrate: 0.001
weightdecay: 0.01
thrupsample: 50
model_name: tf_efficientnetv2_b2
mix_up: 0.2
hop_length: 256
train_with_mixup: True
num_channels: 1
use_spec_augmenter: False
use_drop_path: True
76407
Fold: 0
a1: 0.6937323135173985
a2: 0.257843135443901
a3: 0.013153408823788099
a4: 0.035271142214912427
65200
15282
Val cmap: 0.913703
Valid loss: 1.336431
0.8478318701782388
a1: 0.720851618618346
a2: 0.2646901786546922
a3: 0.0009314628127102604
a4: 0.013526739914251538
65200
15282
Val cmap: 0.913742
Valid loss: 1.335582
0.8479366873940078
a1: 0.4100382340998717
a2: 0.029604937720546853
a3: 0.0017115421256902786
a4: 0.5586452860538912
65200
15282
Val cmap: 0.913547
Valid loss: 1.350079
0.8483091787439614
a1: 0.5034775764035694
a2: 0.09994692322484082
a3: 0.08337430214449879
a4: 0.313201198227091
65200
15282
Val cmap: 0.913606
Valid loss: 1.345844
0.848131619263305
a1: 0.19177019100713733
a2: 0.5660120151476459
a3: 0.004637129988249596
a4: 0.23758066385696722
65200
15282
Val cmap: 0.913619
Valid loss: 1.340547
0.848125707437246
a1: 0.7669601802716342
a2: 0.002080856070885987
a3: 0.0016824296321262741
a4: 0.22927653402535358
65200
15282
Val cmap: 0.913625
Valid loss: 1.342361
0.8478456163699883
a1: 0.11073318159558475
a2: 0.2206725681169661
a3: 0.0010493901027721795
a4: 0.667544860184677
65200
15282
Val cmap: 0.913369
Valid loss: 1.352089
0.8484626158874141
a1: 0.7203206215385822
a2: 0.09535469483132053
a3: 0.002572012283329829
a4: 0.18175267134676742
65200
15282
Val cmap: 0.913657
Valid loss: 1.340678
0.8474689017494844
a1: 0.9001786173183521
a2: 0.09670108951510281
a3: 0.0014207798527804268
a4: 0.001699513313764625
65200
15282
Val cmap: 0.913634
Valid loss: 1.336377
0.8475285676322083
a1: 0.2572813990258973
a2: 0.43339924750918973
a3: 0.006022677214322562
a4: 0.3032966762505904
65200
15282
Val cmap: 0.913664
Valid loss: 1.342564
0.8486482887202024
a1: 0.9668420528346353
a2: 0.002126840167033182
a3: 0.0009038563792379717
a4: 0.03012725061909353
65200
15282
Val cmap: 0.913593
Valid loss: 1.337717
0.8478123650377063
a1: 0.6383999156107605
a2: 0.22758088449417002
a3: 0.016706643459090197
a4: 0.11731255643597929
65200
15282
Val cmap: 0.913634
Valid loss: 1.338709
0.8475196169703417
a1: 0.5888449490999135
a2: 0.27206473678236087
a3: 0.016409821868856794
a4: 0.12268049224886886
65200
15282
Val cmap: 0.913638
Valid loss: 1.338624
0.8477935552525689
a1: 0.7996595320101986
a2: 0.08241013697234562
a3: 0.008029453759483458
a4: 0.10990087725797236
65200
15282
Val cmap: 0.913670
Valid loss: 1.339157
0.8476424818780344
a1: 0.8377394750726572
a2: 0.1575588807146795
a3: 0.0011123422680774282
a4: 0.0035893019445858527
65200
15282
Val cmap: 0.913740
Valid loss: 1.335997
0.8476491111480313
a1: 0.8278226986565259
a2: 0.06733375279424647
a3: 0.0028984780073222543
a4: 0.10194507054190537
65200
15282
Val cmap: 0.913675
Valid loss: 1.338951
0.8477754871317418
a1: 0.948095380760495
a2: 0.031165267172889394
a3: 0.0009165561487655374
a4: 0.019822795917850026
65200
15282
Val cmap: 0.913598
Valid loss: 1.337262
0.8476513188492459
a1: 0.8458364253309054
a2: 0.11300395505176697
a3: 0.001399892815735187
a4: 0.03975972680159243
65200
15282
Val cmap: 0.913680
Valid loss: 1.337149
0.847677277862697
a1: 0.986235543950616
a2: 0.0024626825574881935
a3: 0.0011531745214092746
a4: 0.010148598970486564
65200
15282
Val cmap: 0.913599
Valid loss: 1.337273
0.8476152517603295
a1: 0.599224762287309
a2: 0.1412284987743514
a3: 0.002995183186687295
a4: 0.2565515557516523
65200
15282
Val cmap: 0.913710
Valid loss: 1.342276
0.848025024125653
a1: 0.7498718523549481
a2: 0.12631104810952065
a3: 0.0023343298911142163
a4: 0.121482769644417
65200
15282
Val cmap: 0.913703
Valid loss: 1.339034
0.8475477971737323
a1: 0.6257725149956403
a2: 0.14678079296349505
a3: 0.0032975423904101873
a4: 0.2241491496504544
65200
15282
Val cmap: 0.913688
Valid loss: 1.341453
0.847865863801191
a1: 0.5584789628044782
a2: 0.1559844964276905
a3: 0.0020564738453311597
a4: 0.28348006692250016
65200
15282
Val cmap: 0.913674
Valid loss: 1.342853
0.8478796351774184
a1: 0.8516255951666671
a2: 0.0681146793326985
a3: 0.0014756795683249098
a4: 0.07878404593230945
65200
15282
Val cmap: 0.913664
Valid loss: 1.338369
0.8476165148593844
a1: 0.6706358656915707
a2: 0.17166342142352048
a3: 0.0032229038230837154
a4: 0.15447780906182507
65200
15282
Val cmap: 0.913691
Valid loss: 1.339602
0.8475094766243267
a1: 0.43272729025848056
a2: 0.3233018422652627
a3: 0.0009071413981975303
a4: 0.2430637260780592
65200
15282
Val cmap: 0.913636
Valid loss: 1.341134
0.8483476987586942
a1: 0.7305640684486703
a2: 0.1235997176124667
a3: 0.0019717790884802217
a4: 0.1438644348503828
65200
15282
Val cmap: 0.913696
Valid loss: 1.339583
0.8474147963424772
a1: 0.8694974892022036
a2: 0.04876920999621019
a3: 0.0014749131056776817
a4: 0.08025838769590853
65200
15282
Val cmap: 0.913594
Valid loss: 1.338536
0.8478260869565217
a1: 0.7854897438763766
a2: 0.11426090280051589
a3: 0.004273263591123195
a4: 0.09597608973198432
65200
15282
Val cmap: 0.913735
Valid loss: 1.338539
0.847604163202873
a1: 0.6808733124364803
a2: 0.1623647048902037
a3: 0.0041557512131508954
a4: 0.1526062314601651
65200
15282
Val cmap: 0.913697
Valid loss: 1.339628
0.8474429739974729
a1: 0.7733970130525669
a2: 0.08044645955751481
a3: 0.002139589902380396
a4: 0.14401693748753788
65200
15282
Val cmap: 0.913672
Valid loss: 1.339849
0.8477371728793269
a1: 0.6954227954801887
a2: 0.13833812883050278
a3: 0.0031506144339988958
a4: 0.16308846125530962
65200
15282
Val cmap: 0.913655
Valid loss: 1.339993
0.8474508630150654
a1: 0.8049046705001465
a2: 0.10332231116129739
a3: 0.00126771757876512
a4: 0.09050530075979102
65200
15282
Val cmap: 0.913698
Valid loss: 1.338410
0.8475782055117849
a1: 0.5386019810592064
a2: 0.1918769564324235
a3: 0.010100309486111424
a4: 0.25942075302225864
65200
15282
Val cmap: 0.913692
Valid loss: 1.342286
0.8478615410218008
a1: 0.6301082546637173
a2: 0.13168171739475037
a3: 0.005249720835296243
a4: 0.23296030710623605
65200
15282
Val cmap: 0.913682
Valid loss: 1.341794
0.8479323996140923
a1: 0.477454631500282
a2: 0.18878632476977064
a3: 0.0064208650526075255
a4: 0.32733817867733983
65200
15282
Val cmap: 0.913682
Valid loss: 1.343917
0.8482790759603221
a1: 0.9063350588981398
a2: 0.03476641097105505
a3: 0.0017757096518561943
a4: 0.05712282047894894
65200
15282
Val cmap: 0.913613
Valid loss: 1.338105
0.8475826549260675
a1: 0.7537187910973602
a2: 0.1140591495088927
a3: 0.0011265253631558357
a4: 0.1310955340305913
65200
15282
Val cmap: 0.913704
Valid loss: 1.339311
0.8475579346344383
a1: 0.7048346767289142
a2: 0.13739353312431873
a3: 0.0041797446735239744
a4: 0.1535920454732431
65200
15282
Val cmap: 0.913678
Valid loss: 1.339791
0.847394499684081
a1: 0.7950599693463252
a2: 0.11583771117378322
a3: 0.0017924996983708931
a4: 0.08730981978152072
65200
15282
Val cmap: 0.913711
Valid loss: 1.338266
0.8476345623192261
a1: 0.9148388951697395
a2: 0.011843839013747637
a3: 0.0016933377177409453
a4: 0.07162392809877194
65200
15282
Val cmap: 0.913591
Valid loss: 1.338604
0.8477798457856954
a1: 0.7949963789300425
a2: 0.11786489571244743
a3: 0.002425840787562454
a4: 0.08471288456994762
65200
15282
Date :05/14/2023, 05:20:49
Duration: 5
Sample rate: 32000
nfft: 768
fmin: 20
nmels: 128
fmax: 16000
trainbs: 32
validbs: 192
epochwarmup: 0
totalepoch: 40
learningrate: 0.001
weightdecay: 0.01
thrupsample: 50
model_name: tf_efficientnetv2_b2
mix_up: 0.2
hop_length: 256
train_with_mixup: True
num_channels: 1
use_spec_augmenter: False
use_drop_path: True
76407
Fold: 0
a1: 0.9323944772680417
a2: 0.037041931142559124
a3: 0.0015782030631000925
a4: 0.028985388526299085
65200
15282
Val cmap: 0.913609
Valid loss: 1.337440
0.8475927833338871
a1: 0.4662641864342985
a2: 0.14258957416265117
a3: 0.01013690117525671
a4: 0.38100933822779365
65200
15282
Val cmap: 0.913633
Valid loss: 1.345535
0.8482871125611746
a1: 0.21545564529602773
a2: 0.651319666929532
a3: 0.01774975813164547
a4: 0.11547492964279482
65200
15282
Val cmap: 0.913653
Valid loss: 1.337404
0.8484808146693734
a1: 0.2034049394455107
a2: 0.4668126620951957
a3: 0.02370451257594097
a4: 0.3060778858833527
65200
15282
Val cmap: 0.913597
Valid loss: 1.343047
0.8485595337218985
a1: 0.8564184931893079
a2: 0.0250557164901242
a3: 0.0009779343717385152
a4: 0.11754785594882944
65200
15282
Val cmap: 0.913610
Valid loss: 1.339559
0.8476627435334797
a1: 0.9223208288901463
a2: 0.048230358682232945
a3: 0.003596540478279126
a4: 0.0258522719493416
65200
15282
Val cmap: 0.913628
Valid loss: 1.337328
0.8476592351397149
a1: 0.1530196645762714
a2: 0.25469659643341297
a3: 0.16919367009353548
a4: 0.42309006889678025
65200
15282
Val cmap: 0.913400
Valid loss: 1.350273
0.8483353884093712
a1: 0.6842121879086178
a2: 0.18792950492238436
a3: 0.03398026091301445
a4: 0.09387804625598337
65200
15282
Val cmap: 0.913668
Valid loss: 1.338739
0.84761429758936
a1: 0.555878820703441
a2: 0.12922430950355648
a3: 0.0023952230529938963
a4: 0.3125016467400087
65200
15282
Val cmap: 0.913654
Valid loss: 1.343705
0.8479078592590128
a1: 0.32826356805127593
a2: 0.6345351819307009
a3: 0.002547159592303181
a4: 0.03465409042571992
65200
15282
Val cmap: 0.913593
Valid loss: 1.334786
0.8482027067469157
a1: 0.6758998803709761
a2: 0.1859864950876936
a3: 0.05962204768580728
a4: 0.07849157685552297
65200
15282
Val cmap: 0.913680
Valid loss: 1.338968
0.847537658364646
a1: 0.6898625945178004
a2: 0.1906516257277623
a3: 0.06389731717463454
a4: 0.05558846257980274
65200
15282
Val cmap: 0.913675
Valid loss: 1.338473
0.8475861151748904
a1: 0.7091051370951911
a2: 0.18438524794659036
a3: 0.06347002673479787
a4: 0.04303958822342069
65200
15282
Val cmap: 0.913686
Valid loss: 1.338187
0.8476345623192261
a1: 0.7967100960364651
a2: 0.006104782693941005
a3: 0.11288526408728874
a4: 0.08429985718230512
65200
15282
Val cmap: 0.913648
Valid loss: 1.341425
0.8477935552525689
a1: 0.7168622383781561
a2: 0.13088243044354853
a3: 0.05017398930296735
a4: 0.10208134187532802
65200
15282
Val cmap: 0.913710
Valid loss: 1.339639
0.8475196169703417
a1: 0.5296673378591822
a2: 0.264598326884612
a3: 0.056339832862113
a4: 0.14939450239409283
65200
15282
Val cmap: 0.913620
Valid loss: 1.340311
0.8478094541099764
a1: 0.9889303417165107
a2: 0.0016341794637329725
a3: 0.004361056926079671
a4: 0.0050744218936766275
65200
15282
Val cmap: 0.913591
Valid loss: 1.337232
0.847709834922111
a1: 0.032281494889171425
a2: 0.9617261580877969
a3: 0.0017954178269212033
a4: 0.004196929196110438
65200
15282
Val cmap: 0.913393
Valid loss: 1.333807
0.8485070403781497
a1: 0.7881583514670982
a2: 0.07368003103075169
a3: 0.009740757274146604
a4: 0.12842086022800348
65200
15282
Val cmap: 0.913657
Valid loss: 1.339692
0.8477089845048881
a1: 0.6046531792973564
a2: 0.10585868639897028
a3: 0.23224512148208923
a4: 0.05724301282158409
65200
15282
Val cmap: 0.913660
Valid loss: 1.343000
0.8477689415366187
a1: 0.4712744804206288
a2: 0.08770542034272705
a3: 0.32761659999024617
a4: 0.11340349924639798
65200
15282
Val cmap: 0.913569
Valid loss: 1.346914
0.8476393420789773
a1: 0.6959635615179277
a2: 0.12619633718352935
a3: 0.05552479288395272
a4: 0.12231530841459022
65200
15282
Val cmap: 0.913660
Valid loss: 1.340288
0.8474328278797553
a1: 0.7655299614772479
a2: 0.06670807739257052
a3: 0.03305844282832787
a4: 0.13470351830185368
65200
15282
Val cmap: 0.913654
Valid loss: 1.340419
0.8477733062826355
a1: 0.6103612124184542
a2: 0.1588148095294935
a3: 0.0844084033608072
a4: 0.1464155746912451
65200
15282
Val cmap: 0.913654
Valid loss: 1.341403
0.847891917074307
a1: 0.7097477301628508
a2: 0.15692113404970096
a3: 0.04236622517276976
a4: 0.09096491061467854
65200
15282
Val cmap: 0.913717
Valid loss: 1.339035
0.8475579346344383
a1: 0.8459761191396615
a2: 0.016771081752028676
a3: 0.041648402676568184
a4: 0.0956043964317416
65200
15282
Val cmap: 0.913616
Valid loss: 1.340007
0.8476627435334797
a1: 0.7576471689008704
a2: 0.1093845345265792
a3: 0.02596149476787481
a4: 0.10700680180467563
65200
15282
Val cmap: 0.913695
Valid loss: 1.339327
0.8476988560787443
a1: 0.7587218695877479
a2: 0.10413757674099774
a3: 0.019147760438120696
a4: 0.11799279323313366
65200
15282
Val cmap: 0.913693
Valid loss: 1.339468
0.847537658364646
a1: 0.6096529132986289
a2: 0.09121778003262387
a3: 0.031273467635651725
a4: 0.2678558390330955
65200
15282
Val cmap: 0.913696
Valid loss: 1.343489
0.847938230106167
a1: 0.6272764246255662
a2: 0.04395018855760735
a3: 0.11270691482773028
a4: 0.21606647198909618
65200
15282
Val cmap: 0.913614
Valid loss: 1.344426
0.8476076395820856
a1: 0.4107517471910521
a2: 0.06563674210182964
a3: 0.40988990958649923
a4: 0.11372160112061896
65200
15282
Val cmap: 0.913444
Valid loss: 1.349095
0.8477840719760079
a1: 0.602168473305194
a2: 0.09860970653427542
a3: 0.02701755314257602
a4: 0.2722042670179546
65200
15282
Val cmap: 0.913699
Valid loss: 1.343456
0.8478817930713168
a1: 0.5692588246159214
a2: 0.1417778193447722
a3: 0.011609525275905593
a4: 0.27735383076340087
65200
15282
Val cmap: 0.913688
Valid loss: 1.342999
0.8478897616828652
a1: 0.5273178320225969
a2: 0.08515798456390186
a3: 0.04186713587008818
a4: 0.3456570475434131
65200
15282
Val cmap: 0.913628
Valid loss: 1.345692
0.8482850482850484
a1: 0.6350055393604961
a2: 0.09575497953037901
a3: 0.02403531621492357
a4: 0.2452041648942013
65200
15282
Val cmap: 0.913677
Valid loss: 1.342732
0.8479787057062054
a1: 0.5781583575403149
a2: 0.14770916596490477
a3: 0.015516420890502548
a4: 0.2586160556042778
65200
15282
Val cmap: 0.913712
Valid loss: 1.342599
0.8479765708200213
a1: 0.47573184516634565
a2: 0.055044119059452515
a3: 0.013203581236649786
a4: 0.456020454537552
65200
15282
Val cmap: 0.913591
Valid loss: 1.347812
0.848083136262199
a1: 0.39847976326190276
a2: 0.15235662936403105
a3: 0.016819875218569
a4: 0.43234373215549715
65200
15282
Val cmap: 0.913599
Valid loss: 1.346935
0.8481012658227848
a1: 0.8590461959955136
a2: 0.049087221914121654
a3: 0.01954241580748017
a4: 0.0723241662828846
65200
15282
Val cmap: 0.913645
Valid loss: 1.338746
0.8477957310991422
a1: 0.5547269316891704
a2: 0.13192790573053664
a3: 0.007031744745844578
a4: 0.3063134178344484
65200
15282
Val cmap: 0.913651
Valid loss: 1.343653
0.8478796351774184
a1: 0.6564058255771075
a2: 0.11974790324067004
a3: 0.02436245768862028
a4: 0.19948381349360222
65200
15282
Val cmap: 0.913660
Valid loss: 1.341487
0.8477125270337715
a1: 0.6025799972973194
a2: 0.16379791953405254
a3: 0.03058527463689289
a4: 0.2030368085317352
65200
15282
Val cmap: 0.913697
Valid loss: 1.341499
0.8479504924141603
a1: 0.715329966872785
a2: 0.14495572282424848
a3: 0.0386614042931292
a4: 0.10105290600983727
65200
15282
Val cmap: 0.913700
Valid loss: 1.339265
0.8474632621849857
a1: 0.7152679247246526
a2: 0.11504625116064267
a3: 0.04280748515692202
a4: 0.12687833895778272
65200
15282
Val cmap: 0.913672
Valid loss: 1.340166
0.8473764713706192
a1: 0.6497567536912222
a2: 0.1407764258670298
a3: 0.017025992195386724
a4: 0.19244082824636127
65200
15282
Val cmap: 0.913674
Valid loss: 1.341028
0.8477429227237948
a1: 0.7188932948872597
a2: 0.12788168752002763
a3: 0.04012805997524492
a4: 0.11309695761746773
65200
15282
Val cmap: 0.913707
Valid loss: 1.339693
0.8474531187657932
a1: 0.7171953607417536
a2: 0.12835126244239506
a3: 0.041248550711423165
a4: 0.11320482610442817
65200
15282
Val cmap: 0.913708
Valid loss: 1.339718
0.8473584466535892
a1: 0.8295315201042783
a2: 0.120816394219727
a3: 0.0290287914049039
a4: 0.020623294271090775
65200
15282
Val cmap: 0.913682
Valid loss: 1.337251
0.8476086017216737
a1: 0.7258867246628079
a2: 0.1330983187301953
a3: 0.0476004483507706
a4: 0.09341450825622621
65200
15282
Val cmap: 0.913706
Valid loss: 1.339354
0.8474914386408219
a1: 0.677338562844406
a2: 0.15436639080868725
a3: 0.07549003423699566
a4: 0.09280501210991113
65200
15282
Val cmap: 0.913652
Valid loss: 1.339870
0.8474711535264191
a1: 0.9047475922754191
a2: 0.03149599860443083
a3: 0.03440864710525557
a4: 0.029347762014894474
65200
15282
Val cmap: 0.913603
Valid loss: 1.338191
0.8476953241833106
a1: 0.7920145121357378
a2: 0.13308091980986828
a3: 0.04661331702072639
a4: 0.028291251033667524
65200
15282
Val cmap: 0.913685
Valid loss: 1.337748
0.8476548216600739
a1: 0.7319641834976226
a2: 0.11671445349087875
a3: 0.05037647016573824
a4: 0.10094489284576041
65200
15282
Val cmap: 0.913699
Valid loss: 1.339698
0.847604163202873
a1: 0.7367585550283604
a2: 0.1297987173533152
a3: 0.04970345933667987
a4: 0.08373926828164453
65200
15282
Val cmap: 0.913710
Valid loss: 1.339185
0.84761429758936
a1: 0.6789394747628442
a2: 0.17256287992819203
a3: 0.03771211324558962
a4: 0.11078553206337413
65200
15282
Val cmap: 0.913698
Valid loss: 1.339328
0.8474812967581049
a1: 0.8157450363618428
a2: 0.12382867653435013
a3: 0.03360192789859068
a4: 0.026824359205216378
65200
15282
Val cmap: 0.913677
Valid loss: 1.337481
0.8475984709988366
a1: 0.7595818743634445
a2: 0.13777901539146103
a3: 0.05300812079745706
a4: 0.04963098944763742
65200
15282
Val cmap: 0.913750
Valid loss: 1.338381
0.8477191115839872
a1: 0.781414383484407
a2: 0.13694843889694444
a3: 0.051710274609317076
a4: 0.029926903009331533
65200
15282
Val cmap: 0.913672
Valid loss: 1.337878
0.847690926621671
a1: 0.7555221709925867
a2: 0.14643580574184314
a3: 0.059870032178758026
a4: 0.03817199108681216
65200
15282
Val cmap: 0.913740
Valid loss: 1.338206
0.8476526133794388
a1: 0.7555987349426572
a2: 0.1468698276779752
a3: 0.059039773668388196
a4: 0.038491663710979424
65200
15282
Val cmap: 0.913744
Valid loss: 1.338192
0.8476526133794388
a1: 0.810865033870156
a2: 0.1432971766216406
a3: 0.02852426213030045
a4: 0.017313527377902992
65200
15282
Val cmap: 0.913704
Valid loss: 1.337016
0.8476649493102875
a1: 0.7572821976057182
a2: 0.15062751107129643
a3: 0.05903210371023476
a4: 0.03305818761275056
65200
15282
Val cmap: 0.913740
Valid loss: 1.338037
0.8476244306280546
a1: 0.763581772070363
a2: 0.1433618180438027
a3: 0.06036787335591661
a4: 0.032688536529917635
65200
15282
Val cmap: 0.913731
Valid loss: 1.338102
0.8476345623192261
a1: 0.7788151744992261
a2: 0.1500161216661039
a3: 0.04578845870997802
a4: 0.02538024512469198
65200
15282
Val cmap: 0.913670
Valid loss: 1.337554
0.8477292373163109
a1: 0.8766179046440028
a2: 0.11834560920588397
a3: 0.002956704532190618
a4: 0.002079781617922616
65200
15282
Val cmap: 0.913641
Valid loss: 1.336266
0.8474981726360555
a1: 0.8350904969139926
a2: 0.14470240926385336
a3: 0.015924294492785398
a4: 0.004282799329368623
65200
15282
Val cmap: 0.913713
Valid loss: 1.336420
0.8476288591273138
a1: 0.8307511744887061
a2: 0.1370821187949317
a3: 0.022037549207744832
a4: 0.010129157508617405
65200
15282
Val cmap: 0.913711
Valid loss: 1.336742
0.847542127829295
a1: 0.872863590305236
a2: 0.12164772369124402
a3: 0.001181851465119657
a4: 0.004306834538400353
65200
15282
Val cmap: 0.913646
Valid loss: 1.336257
0.847488038277512
a1: 0.749390203928896
a2: 0.1588998298985544
a3: 0.05856508106447413
a4: 0.033144885108075485
65200
15282
Val cmap: 0.913699
Valid loss: 1.337978
0.8476244306280546
a1: 0.928709367341186
a2: 0.024741080466975485
a3: 0.035331169994236696
a4: 0.011218382197601788
65200
15282
Val cmap: 0.913598
Valid loss: 1.337842
0.8477256869455427
a1: 0.8049908757110841
a2: 0.14412275500023267
a3: 0.0368854934858353
a4: 0.014000875802847958
65200
15282
Val cmap: 0.913704
Valid loss: 1.337117
0.8476266453928998
a1: 0.7617810087239733
a2: 0.1480003348641725
a3: 0.05927517286087274
a4: 0.03094348355098151
65200
15282
Val cmap: 0.913711
Valid loss: 1.338007
0.847690926621671
a1: 0.6879813113598389
a2: 0.16792839985321723
a3: 0.07583625231609033
a4: 0.06825403647085358
65200
15282
Val cmap: 0.913676
Valid loss: 1.339192
0.8475297559678171
a1: 0.7582267117394685
a2: 0.15373747723186781
a3: 0.05451179549425954
a4: 0.03352401553440411
65200
15282
Val cmap: 0.913696
Valid loss: 1.337926
0.8477089845048881
a1: 0.8457803243098708
a2: 0.13827308072413508
a3: 0.009173560841347385
a4: 0.006773034124646714
65200
15282
Val cmap: 0.913730
Valid loss: 1.336374
0.8476288591273138
a1: 0.8408197263265506
a2: 0.1379605305729409
a3: 0.01524761137122038
a4: 0.005972131729288179
65200
15282
Val cmap: 0.913720
Valid loss: 1.336490
0.8475905616483882
a1: 0.8565454148510365
a2: 0.13541387781772277
a3: 0.005594863447812741
a4: 0.0024458438834279684
65200
15282
Val cmap: 0.913678
Valid loss: 1.336215
0.847488038277512
a1: 0.8953374544532288
a2: 0.10233885367140447
a3: 0.0012565665665656657
a4: 0.0010671253088011022
65200
15282
Val cmap: 0.913631
Valid loss: 1.336319
0.8474339810662681
a1: 0.7955765301145841
a2: 0.1395935340304036
a3: 0.04408179864298215
a4: 0.020748137212030192
65200
15282
Val cmap: 0.913699
Valid loss: 1.337468
0.8476548216600739
a1: 0.8189118948095295
a2: 0.13859981711929015
a3: 0.03279566405197968
a4: 0.009692624019200645
65200
15282
Val cmap: 0.913691
Valid loss: 1.336959
0.8476367745795387
a1: 0.7750447960895354
a2: 0.15940884528792473
a3: 0.009194500719461882
a4: 0.05635185790307803
65200
15282
Val cmap: 0.913689
Valid loss: 1.337420
0.8474835449770627
a1: 0.8464681651682656
a2: 0.1412649145932853
a3: 0.008192674863626367
a4: 0.0040742453748227134
65200
15282
Val cmap: 0.913727
Valid loss: 1.336270
0.8476006912136117
a1: 0.9633465325095788
a2: 0.013105593325245388
a3: 0.019674759698105514
a4: 0.003873114467070296
65200
15282
Val cmap: 0.913602
Valid loss: 1.337433
0.8476794790870734
a1: 0.8402342498525134
a2: 0.14126162861155106
a3: 0.014005184286178796
a4: 0.004498937249756762
65200
15282
Val cmap: 0.913715
Valid loss: 1.336406
0.8476288591273138
a1: 0.7450940943402823
a2: 0.15016054229149367
a3: 0.06609507135349801
a4: 0.03865029201472603
65200
15282
Val cmap: 0.913745
Valid loss: 1.338338
0.8476807980049875
a1: 0.8977995467914869
a2: 0.09999193890743918
a3: 0.8607270526129943
a4: -0.8585185383119204
65200
15282
Val cmap: 0.913618
Valid loss: 1.333610
0.8476548216600739
a1: 0.7453865943604652
a2: 0.1503687874652868
a3: 0.06340298723006728
a4: 0.04084163094418074
65200
15282
Val cmap: 0.913741
Valid loss: 1.338328
0.8477371728793269
a1: 0.740474432172054
a2: 0.15089472935980536
a3: 0.06625499400909864
a4: 0.04237584445904201
65200
15282
Val cmap: 0.913736
Valid loss: 1.338428
0.8477089845048881
a1: 0.7003516313418249
a2: 0.17047435734447458
a3: 0.06641110332429073
a4: 0.06276290798940981
65200
15282
Val cmap: 0.913679
Valid loss: 1.338822
0.8475861151748904
a1: 0.7390386550587664
a2: 0.15194148661203655
a3: 0.06579209820008468
a4: 0.04322776012911235
65200
15282
Val cmap: 0.913739
Valid loss: 1.338432
0.8476807980049875
a1: 0.7429978392073162
a2: 0.1515269625561012
a3: 0.06650894905161962
a4: 0.038966249184962956
65200
15282
Val cmap: 0.913746
Valid loss: 1.338346
0.8476807980049875
a1: 0.7451950113742629
a2: 0.15111905548674923
a3: 0.06403935863106931
a4: 0.039646574507918544
65200
15282
Val cmap: 0.913750
Valid loss: 1.338309
0.8476807980049875
a1: 0.7391551994778803
a2: 0.15027100773715701
a3: 0.06646555570912745
a4: 0.04410823707583521
65200
15282
Val cmap: 0.913738
Valid loss: 1.338479
0.8477089845048881
a1: 0.6986675922751566
a2: 0.16374242069116005
a3: 0.07029686839345554
a4: 0.06729311864022779
65200
15282
Val cmap: 0.913690
Valid loss: 1.339062
0.8475196169703417
a1: 0.6635536573852143
a2: 0.17790587873564304
a3: 0.08663257963045787
a4: 0.07190788424868477
65200
15282
Val cmap: 0.913666
Valid loss: 1.339484
0.8474429739974729
a1: 0.7453660428803178
a2: 0.15475358896990002
a3: 0.052869592613454724
a4: 0.04701077553632743
65200
15282
Val cmap: 0.913748
Valid loss: 1.338212
0.8475680707470329
a1: 0.7874231647410875
a2: 0.15577217772261495
a3: 0.04137094093111328
a4: 0.015433716605184236
65200
15282
Val cmap: 0.913702
Valid loss: 1.337178
0.8476165148593844
a1: 0.6464890335608455
a2: 0.18323064508394818
a3: 0.056178316334032266
a4: 0.11410200502117403
65200
15282
Val cmap: 0.913640
Valid loss: 1.339790
0.8474914386408219
a1: 0.7410688920512103
a2: 0.1628086191007274
a3: 0.05187140305250972
a4: 0.0442510857955526
65200
15282
Val cmap: 0.913756
Valid loss: 1.338074
0.8476244306280546
a1: 0.6698551660627857
a2: 0.1643553638646183
a3: 0.08443193537131942
a4: 0.08135753470127656
65200
15282
Val cmap: 0.913646
Valid loss: 1.339742
0.8474249426472056
a1: 0.7024021780146967
a2: 0.1601288995600965
a3: 0.0518887323754007
a4: 0.08558019004980608
65200
15282
Val cmap: 0.913717
Valid loss: 1.339106
0.8475196169703417
a1: 0.7541853889978315
a2: 0.14806776486070258
a3: 0.05383793751067719
a4: 0.04390890863078873
65200
15282
Val cmap: 0.913738
Valid loss: 1.338198
0.8476526133794388
a1: 0.7376293370502977
a2: 0.15518994623358429
a3: 0.060931901172760795
a4: 0.04624881554335727
65200
15282
Val cmap: 0.913750
Valid loss: 1.338376
0.8476807980049875
a1: 0.7774564518235523
a2: 0.1557470687598683
a3: 0.04601146686094867
a4: 0.020785012555630762
65200
15282
Val cmap: 0.913688
Valid loss: 1.337412
0.8476728723404255
a1: 0.803661873966559
a2: 0.14722325787525153
a3: 0.038556632548908586
a4: 0.01055823560928091
65200
15282
Val cmap: 0.913703
Valid loss: 1.337052
0.8476266453928998
a1: 0.7200242258064529
a2: 0.1659999973860391
a3: 0.058406847004709835
a4: 0.0555689298027982
65200
15282
Val cmap: 0.913737
Valid loss: 1.338484
0.8477191115839872
a1: 0.6861699069290079
a2: 0.17730372020298205
a3: 0.0731866292633046
a4: 0.06333974360470543
65200
15282
Val cmap: 0.913692
Valid loss: 1.338956
0.8475297559678171
a1: 0.7282263823758971
a2: 0.15768272184124663
a3: 0.04936555571968719
a4: 0.06472534006316909
65200
15282
Val cmap: 0.913742
Valid loss: 1.338549
0.8477191115839872
a1: 0.7311868533772676
a2: 0.16211268877673138
a3: 0.04721481860503233
a4: 0.05948563924096866
65200
15282
Val cmap: 0.913753
Valid loss: 1.338345
0.8477292373163109
a1: 0.7264720239950186
a2: 0.16082864840183236
a3: 0.05142797840874171
a4: 0.06127134919440728
65200
15282
Val cmap: 0.913736
Valid loss: 1.338493
0.8477191115839872
a1: 0.6378412234154018
a2: 0.1729348445346346
a3: 0.08882107367618383
a4: 0.10040285837377974
65200
15282
Val cmap: 0.913635
Valid loss: 1.340278
0.8476120792869496
a1: 0.7840222420986283
a2: 0.15467487145281583
a3: 0.047236100545167185
a4: 0.01406678590338873
65200
15282
Val cmap: 0.913701
Valid loss: 1.337284
0.8476165148593844
a1: 0.7104703203577141
a2: 0.1691878581019576
a3: 0.04937157426525822
a4: 0.0709702472750701
65200
15282
Val cmap: 0.913722
Valid loss: 1.338636
0.8476244306280546
a1: 0.7670036362490653
a2: 0.15728878137447805
a3: 0.0465228583513462
a4: 0.029184724025110437
65200
15282
Val cmap: 0.913683
Valid loss: 1.337618
0.8477089845048881
a1: 0.7430444254088759
a2: 0.16172245763079207
a3: 0.054775348231976315
a4: 0.04045776872835567
65200
15282
Val cmap: 0.913716
Valid loss: 1.338054
0.8476244306280546
a1: 0.6673509811946905
a2: 0.19035338345281133
a3: 0.062439880740020756
a4: 0.07985575461247742
65200
15282
Val cmap: 0.913674
Valid loss: 1.339045
0.8475477971737323
a1: 0.7306451315905602
a2: 0.13142827822952274
a3: 0.07311647341376758
a4: 0.06481011676614946
65200
15282
Val cmap: 0.913694
Valid loss: 1.339252
0.8476706680411
a1: 0.8118511942599493
a2: 0.15266569648563227
a3: 0.03129033346606793
a4: 0.004192775788350457
65200
15282
Val cmap: 0.913698
Valid loss: 1.336704
0.8476086017216737
a1: 0.6946311245032332
a2: 0.16655997640790113
a3: 0.06097101874011709
a4: 0.07783788034874861
65200
15282
Val cmap: 0.913699
Valid loss: 1.339090
0.8475477971737323
a1: 0.7949369526294269
a2: 0.1580478860326307
a3: 0.03675740764493761
a4: 0.010257753693004815
65200
15282
Val cmap: 0.913720
Valid loss: 1.336936
0.8475782055117849
a1: 0.7699416259137848
a2: 0.14661890126789626
a3: 0.044430494347283016
a4: 0.03900897847103594
65200
15282
Val cmap: 0.913710
Valid loss: 1.337874
0.847690926621671
a1: 0.7499422789301948
a2: 0.1486632010662138
a3: 0.054789950650277336
a4: 0.04660456935331403
65200
15282
Val cmap: 0.913732
Valid loss: 1.338282
0.8476807980049875
a1: 0.7531650000056699
a2: 0.14604816975650106
a3: 0.05988746990924592
a4: 0.040899360328583136
65200
15282
Val cmap: 0.913741
Valid loss: 1.338275
0.8476526133794388
a1: 0.7131329272890788
a2: 0.13369556821390227
a3: 0.0813265282032351
a4: 0.07184497629378378
65200
15282
Val cmap: 0.913671
Valid loss: 1.339603
0.8475477971737323
a1: 0.6826263133607684
a2: 0.17523476782137556
a3: 0.06382068491832152
a4: 0.07831823389953452
65200
15282
Val cmap: 0.913672
Valid loss: 1.339121
0.8475658419792498
a1: 0.7694415389902944
a2: 0.15237267864605059
a3: 0.049532636958397436
a4: 0.02865314540525754
65200
15282
Val cmap: 0.913660
Valid loss: 1.337703
0.8477472984206151
a1: 0.7341715762426869
a2: 0.1636991067283685
a3: 0.04296120352327477
a4: 0.05916811350566983
65200
15282
Val cmap: 0.913754
Valid loss: 1.338230
0.847690926621671
a1: 0.7313415355628052
a2: 0.1640822230671861
a3: 0.044797147740910495
a4: 0.05977909362909818
65200
15282
Val cmap: 0.913755
Valid loss: 1.338285
0.8477856097885357
a1: 0.7239752629985623
a2: 0.17261077083247126
a3: 0.04108740597896475
a4: 0.0623265601900017
65200
15282
Val cmap: 0.913751
Valid loss: 1.338213
0.8477191115839872
a1: 0.7274399522507583
a2: 0.1706624429486171
a3: 0.03952587243234622
a4: 0.06237173236827838
65200
15282
Val cmap: 0.913758
Valid loss: 1.338189
0.8477191115839872
a1: 0.6608892970673239
a2: 0.1808468787596809
a3: 0.03890795924237898
a4: 0.11935586493061623
65200
15282
Val cmap: 0.913685
Valid loss: 1.339525
0.8474914386408219
a1: 0.7249036301434896
a2: 0.16985792242670886
a3: 0.04096781736134112
a4: 0.06427063006846045
65200
15282
Val cmap: 0.913754
Valid loss: 1.338274
0.8477754871317418
a1: 0.7105416583293409
a2: 0.17248392862138448
a3: 0.03577024959967442
a4: 0.08120416344960019
65200
15282
Val cmap: 0.913719
Valid loss: 1.338555
0.8477089845048881
a1: 0.6880152427920216
a2: 0.18566436555473545
a3: 0.041189300059773545
a4: 0.08513109159346936
65200
15282
Val cmap: 0.913674
Valid loss: 1.338704
0.8476706680411
a1: 0.7289735225380656
a2: 0.16782666504637792
a3: 0.04083069693675333
a4: 0.06236911547880318
65200
15282
Val cmap: 0.913754
Valid loss: 1.338235
0.8477574226152873
a1: 0.6233552901858241
a2: 0.19190998209947474
a3: 0.030557678160274607
a4: 0.15417704955442652
65200
15282
Val cmap: 0.913683
Valid loss: 1.340139
0.8477371728793269
a1: 0.7215603956734215
a2: 0.1677195378428322
a3: 0.043480095656561926
a4: 0.06723997082718443
65200
15282
Val cmap: 0.913736
Valid loss: 1.338417
0.8477191115839872
a1: 0.7866072213505854
a2: 0.16439641721283615
a3: 0.03959616375226603
a4: 0.009400197684312453
65200
15282
Val cmap: 0.913726
Valid loss: 1.336939
0.8475218561978527
a1: 0.6974553641832
a2: 0.17612593231005036
a3: 0.03414687906675829
a4: 0.09227182443999138
65200
15282
Val cmap: 0.913696
Valid loss: 1.338769
0.8476424818780344
a1: 0.8214981225442649
a2: 0.16176573111617182
a3: 0.015483999380090548
a4: 0.001252146959472726
65200
15282
Val cmap: 0.913724
Valid loss: 1.336227
0.8476953241833106
a1: 0.6764553148516641
a2: 0.18059131346381388
a3: 0.02911027217511244
a4: 0.11384309950940957
65200
15282
Val cmap: 0.913695
Valid loss: 1.339159
0.8474632621849857
a1: 0.7266404277507817
a2: 0.17078897856609984
a3: 0.04373118403792078
a4: 0.058839409645197634
65200
15282
Val cmap: 0.913760
Valid loss: 1.338198
0.8477191115839872
a1: 0.7339761324765368
a2: 0.17235569890408303
a3: 0.04434896620446052
a4: 0.04931920241491963
65200
15282
Val cmap: 0.913716
Valid loss: 1.337970
0.8476807980049875
a1: 0.7028333360628192
a2: 0.1696075879409122
a3: 0.04167115280203324
a4: 0.08588792319423538
65200
15282
Val cmap: 0.913707
Valid loss: 1.338823
0.847604163202873
a1: 0.7290303144271056
a2: 0.16487703278655483
a3: 0.053053083977373315
a4: 0.053039568808966216
65200
15282
Val cmap: 0.913761
Valid loss: 1.338305
0.8477574226152873
a1: 0.7190484768747096
a2: 0.16433057125825887
a3: 0.052956652644386246
a4: 0.06366429922264526
65200
15282
Val cmap: 0.913729
Valid loss: 1.338567
0.8477191115839872
a1: 0.6538404615861906
a2: 0.1902167501461398
a3: 0.035619783009956274
a4: 0.12032300525771333
65200
15282
Val cmap: 0.913656
Valid loss: 1.339422
0.8474069148936171
a1: 0.7733014348546483
a2: 0.1684804775965509
a3: 0.038283736267127354
a4: 0.01993435128167343
65200
15282
Val cmap: 0.913708
Valid loss: 1.337139
0.8475680707470329
a1: 0.801867227387822
a2: 0.16241915077035338
a3: 0.0321229009306938
a4: 0.0035907209111308083
65200
15282
Val cmap: 0.913725
Valid loss: 1.336646
0.8476367745795387
a1: 0.7358392113273979
a2: 0.17385535873994631
a3: 0.025969400574777778
a4: 0.06433602935787797
65200
15282
Val cmap: 0.913708
Valid loss: 1.337908
0.8477292373163109
a1: 0.7687008342229602
a2: 0.15898894871585634
a3: 0.04815292525244545
a4: 0.024157291808738005
65200
15282
Val cmap: 0.913672
Valid loss: 1.337522
0.8477472984206151
a1: 0.7485553044000319
a2: 0.16746405243489149
a3: 0.04475063717261348
a4: 0.0392300059924631
65200
15282
Val cmap: 0.913711
Valid loss: 1.337761
0.8476526133794388
a1: 0.7285410480535721
a2: 0.17964342769099195
a3: 0.05247719876126091
a4: 0.03933832549417502
65200
15282
Val cmap: 0.913675
Valid loss: 1.337870
0.8476728723404255
a1: 0.6969435259974877
a2: 0.18061099737590772
a3: 0.05543662694565282
a4: 0.0670088496809518
65200
15282
Val cmap: 0.913699
Valid loss: 1.338615
0.8475759792511804
a1: 0.7912330629694683
a2: 0.15543734829911487
a3: 0.04289165751919548
a4: 0.010437931212221377
65200
15282
Val cmap: 0.913712
Valid loss: 1.337094
0.8475500299182235
a1: 0.7473350090878801
a2: 0.16185497056051992
a3: 0.050142992419251395
a4: 0.040667027932348596
65200
15282
Val cmap: 0.913706
Valid loss: 1.337953
0.8476244306280546
a1: 0.6762391772467135
a2: 0.1856124612536733
a3: 0.06702687773729786
a4: 0.07112148376231538
65200
15282
Val cmap: 0.913683
Valid loss: 1.338961
0.8474531187657932
a1: 0.7135719076716708
a2: 0.17378085981544641
a3: 0.04665163433472839
a4: 0.06599559817815442
65200
15282
Val cmap: 0.913702
Valid loss: 1.338425
0.8477089845048881
a1: 0.7590897917490562
a2: 0.16627445285955794
a3: 0.03718807772091709
a4: 0.03744767767046875
65200
15282
Val cmap: 0.913691
Valid loss: 1.337553
0.8477089845048881
a1: 0.7313824691525606
a2: 0.15923484271591096
a3: 0.058078764870238275
a4: 0.05130392326129021
65200
15282
Val cmap: 0.913759
Valid loss: 1.338411
0.8476526133794388
a1: 0.7272568022068782
a2: 0.17144589796137902
a3: 0.05649943835155633
a4: 0.04479786148018649
65200
15282
Val cmap: 0.913720
Valid loss: 1.338143
0.8477292373163109
a1: 0.7403818159664769
a2: 0.15590883745168405
a3: 0.04862695180610529
a4: 0.05508239477573377
65200
15282
Val cmap: 0.913753
Valid loss: 1.338306
0.84761429758936
a1: 0.7058139691530241
a2: 0.15652504896085856
a3: 0.04216609081491757
a4: 0.0954948910711998
65200
15282
Val cmap: 0.913709
Valid loss: 1.339144
0.8474350876026463
a1: 0.7783660276259551
a2: 0.16068924242680407
a3: 0.04597843575974863
a4: 0.014966294187492214
65200
15282
Val cmap: 0.913709
Valid loss: 1.337240
0.8475883389289632
a1: 0.733798719112242
a2: 0.15530420794640892
a3: 0.04948904223120256
a4: 0.06140803071014648
65200
15282
Val cmap: 0.913746
Valid loss: 1.338484
0.8477089845048881
a1: 0.6820389920644707
a2: 0.1767289385895641
a3: 0.07716753447404237
a4: 0.06406453487192282
65200
15282
Val cmap: 0.913676
Valid loss: 1.339071
0.8475196169703417
a1: 0.7633533008757258
a2: 0.16564435669440086
a3: 0.041080926519176164
a4: 0.029921415910697136
65200
15282
Val cmap: 0.913700
Valid loss: 1.337462
0.8477371728793269
a1: 0.710262067728528
a2: 0.17041467095733323
a3: 0.05440324590116063
a4: 0.06492001541297818
65200
15282
Val cmap: 0.913703
Valid loss: 1.338597
0.8476244306280546
a1: 0.6523824527131573
a2: 0.19999423065055927
a3: 0.07305836709549678
a4: 0.07456494954078664
65200
15282
Val cmap: 0.913664
Valid loss: 1.339112
0.8475658419792498
a1: 0.8011255171108947
a2: 0.16279875947402522
a3: 0.03304370509644427
a4: 0.003032018318635761
65200
15282
Val cmap: 0.913725
Valid loss: 1.336650
0.8476367745795387
a1: 0.7439597852319948
a2: 0.15499742484238863
a3: 0.05933501024380102
a4: 0.041707779681815556
65200
15282
Val cmap: 0.913744
Valid loss: 1.338229
0.8475962497506482
a1: 0.7261407934978539
a2: 0.15412278867843493
a3: 0.0484166175253705
a4: 0.0713198002983407
65200
15282
Val cmap: 0.913728
Valid loss: 1.338709
0.847690926621671
a1: 0.7367410938748198
a2: 0.15888725220218328
a3: 0.04916402342152138
a4: 0.055207630501475556
65200
15282
Val cmap: 0.913765
Valid loss: 1.338303
0.8476424818780344
a1: 0.750737951450827
a2: 0.15984732294245485
a3: 0.05418470611546398
a4: 0.03523001949125417
65200
15282
Val cmap: 0.913699
Valid loss: 1.337924
0.8476526133794388
a1: 0.7757999908879895
a2: 0.16548355835061657
a3: 0.039850556690945796
a4: 0.018865894070448183
65200
15282
Val cmap: 0.913711
Valid loss: 1.337167
0.8475680707470329
a1: 0.6905059889398149
a2: 0.14469626032538221
a3: 0.06891578493474673
a4: 0.0958819658000562
65200
15282
Val cmap: 0.913662
Valid loss: 1.339845
0.8473866205612448
a1: 0.7141637138559385
a2: 0.16968536189010575
a3: 0.06176872879928045
a4: 0.05438219545467534
65200
15282
Val cmap: 0.913726
Valid loss: 1.338511
0.8477191115839872
a1: 0.738299499385533
a2: 0.15116122023066186
a3: 0.044578309525149136
a4: 0.06596097085865604
65200
15282
Val cmap: 0.913757
Valid loss: 1.338507
0.8476988560787443
a1: 0.7622426850223231
a2: 0.15883100572208467
a3: 0.04345257040962991
a4: 0.03547373884596236
65200
15282
Val cmap: 0.913686
Valid loss: 1.337692
0.8476807980049875
a1: 0.7268427482158951
a2: 0.14271206262502995
a3: 0.034812032326025304
a4: 0.09563315683304963
65200
15282
Val cmap: 0.913705
Valid loss: 1.339057
0.8475579346344383
a1: 0.6964385302967112
a2: 0.17738368643778943
a3: 0.027560371943456174
a4: 0.09861741132204319
65200
15282
Val cmap: 0.913696
Valid loss: 1.338765
0.847604163202873
a1: 0.7396857865198452
a2: 0.16251479591284293
a3: 0.05069311192474765
a4: 0.04710630564256424
65200
15282
Val cmap: 0.913751
Valid loss: 1.338119
0.8476244306280546
a1: 0.7374787650072254
a2: 0.16693492923127934
a3: 0.050278612182056516
a4: 0.04530769357943872
65200
15282
Val cmap: 0.913710
Valid loss: 1.338039
0.847690926621671
a1: 0.7618231619764169
a2: 0.16221838401149394
a3: 0.04571532390653558
a4: 0.03024313010555362
65200
15282
Val cmap: 0.913682
Valid loss: 1.337596
0.8476526133794388
a1: 0.7108032813423034
a2: 0.15089469750680445
a3: 0.04009964586607896
a4: 0.09820237528481317
65200
15282
Val cmap: 0.913713
Valid loss: 1.339195
0.8474734042553193
a1: 0.7791868092507347
a2: 0.15874383729707067
a3: 0.04674511568355995
a4: 0.015324237768634688
65200
15282
Val cmap: 0.913699
Valid loss: 1.337278
0.8476165148593844
a1: 0.6680053264889654
a2: 0.18494580522467916
a3: 0.05680997582202262
a4: 0.09023889246433284
65200
15282
Val cmap: 0.913674
Valid loss: 1.339200
0.8474632621849857
a1: 0.8168979307225871
a2: 0.16249340260436998
a3: 0.019312687263955658
a4: 0.0012959794090872667
65200
15282
Val cmap: 0.913733
Valid loss: 1.336308
0.8476570289132602
a1: 0.7355218395538032
a2: 0.1724190094964412
a3: 0.05073445891688928
a4: 0.041324692032866275
65200
15282
Val cmap: 0.913679
Valid loss: 1.337920
0.8476627435334797
a1: 0.7972817892580533
a2: 0.15694359198881142
a3: 0.038634657489010425
a4: 0.007139961264124896
65200
15282
Val cmap: 0.913713
Valid loss: 1.336910
0.8475883389289632
a1: 0.6996054289606468
a2: 0.13787139406628782
a3: 0.05718282988041093
a4: 0.10534034709265444
65200
15282
Val cmap: 0.913694
Valid loss: 1.339842
0.8473866205612448
a1: 0.7425646571894922
a2: 0.14966202022767455
a3: 0.0524216805775227
a4: 0.055351642005310585
65200
15282
Val cmap: 0.913760
Valid loss: 1.338436
0.8476807980049875
a1: 0.7495804227069397
a2: 0.15234428695468033
a3: 0.04362667724845291
a4: 0.054448613089927066
65200
15282
Val cmap: 0.913751
Valid loss: 1.338197
0.8475680707470329
a1: 0.7224116968910971
a2: 0.14761130900878133
a3: 0.043960942085575036
a4: 0.08601605201454655
65200
15282
Val cmap: 0.913709
Valid loss: 1.339004
0.8476244306280546
a1: 0.7522413023309091
a2: 0.151998476768142
a3: 0.03824125455865749
a4: 0.05751896634229139
65200
15282
Val cmap: 0.913742
Valid loss: 1.338151
0.8475579346344383
a1: 0.7802964911449005
a2: 0.16559796091343132
a3: 0.04372160815797017
a4: 0.010383939783697997
65200
15282
Val cmap: 0.913711
Valid loss: 1.337048
0.8475782055117849
a1: 0.7239474977298342
a2: 0.17068800952256827
a3: 0.04959951405735371
a4: 0.05576497869024378
65200
15282
Val cmap: 0.913728
Valid loss: 1.338259
0.8477191115839872
a1: 0.757737131547212
a2: 0.15888853722800256
a3: 0.03561154444426817
a4: 0.04776278678051726
65200
15282
Val cmap: 0.913702
Valid loss: 1.337812
0.8476526133794388
a1: 0.5090926178620336
a2: 0.19549729201977334
a3: 0.0934058479048017
a4: 0.2020042422133913
65200
15282
Val cmap: 0.913665
Valid loss: 1.342867
0.8480026631158456
a1: 0.6927662079183039
a2: 0.1416778426477279
a3: 0.06336526080275157
a4: 0.10219068863121664
65200
15282
Val cmap: 0.913666
Valid loss: 1.339888
0.8473866205612448
a1: 0.7429964895475616
a2: 0.15002653316282943
a3: 0.05276981658330041
a4: 0.054207160706308564
65200
15282
Val cmap: 0.913760
Valid loss: 1.338414
0.8476807980049875
a1: 0.7405981969567026
a2: 0.14866033480369714
a3: 0.05203523640038897
a4: 0.058706231839211295
65200
15282
Val cmap: 0.913753
Valid loss: 1.338515
0.8476988560787443
a1: 0.7339271151350835
a2: 0.15019823663978105
a3: 0.04715412125170964
a4: 0.06872052697342584
65200
15282
Val cmap: 0.913752
Valid loss: 1.338639
0.8477089845048881
a1: 0.7137420079151493
a2: 0.14638058575392454
a3: 0.04669044996689506
a4: 0.0931869563640311
65200
15282
Val cmap: 0.913722
Valid loss: 1.339251
0.8475015791748396
a1: 0.7362570355678965
a2: 0.15174612785056282
a3: 0.041971711784489656
a4: 0.07002512479705106
65200
15282
Val cmap: 0.913755
Valid loss: 1.338543
0.8477371728793269
a1: 0.730851191969813
a2: 0.1507005356697877
a3: 0.039005002182724055
a4: 0.07944327017767529
65200
15282
Val cmap: 0.913735
Valid loss: 1.338711
0.8477089845048881
a1: 0.7126290859153253
a2: 0.14635650464350225
a3: 0.04170377764027681
a4: 0.0993106318008957
65200
15282
Val cmap: 0.913713
Valid loss: 1.339285
0.8475015791748396
a1: 0.765332939464615
a2: 0.1629608054914209
a3: 0.045671432942191406
a4: 0.0260348221017727
65200
15282
Val cmap: 0.913700
Valid loss: 1.337488
0.8477089845048881
a1: 0.6790636924866388
a2: 0.1768079243318625
a3: 0.05148555019919288
a4: 0.09264283298230586
65200
15282
Val cmap: 0.913656
Valid loss: 1.339179
0.8475094766243267
a1: 0.7428933232418058
a2: 0.16788145513993805
a3: 0.04201521536153586
a4: 0.047210006256720304
65200
15282
Val cmap: 0.913715
Valid loss: 1.337891
0.8476244306280546
a1: 0.5942813093164269
a2: 0.12468167347878771
a3: 0.028911010370488835
a4: 0.2521260068342966
65200
15282
Val cmap: 0.913707
Valid loss: 1.342874
0.847938230106167
a1: 0.7409868209104461
a2: 0.15451029891579923
a3: 0.048991495864917065
a4: 0.055511384308837605
65200
15282
Val cmap: 0.913756
Valid loss: 1.338333
0.84761429758936
a1: 0.7280124265011952
a2: 0.15502039792908415
a3: 0.04824824173842144
a4: 0.06871893383129918
65200
15282
Val cmap: 0.913738
Valid loss: 1.338637
0.8477191115839872
a1: 0.751143352032604
a2: 0.15943490526208995
a3: 0.05221941289561183
a4: 0.03720232980969426
65200
15282
Val cmap: 0.913701
Valid loss: 1.337930
0.8476244306280546
a1: 0.7057510880354742
a2: 0.1422257590694651
a3: 0.03505193052766169
a4: 0.11697122236739906
65200
15282
Val cmap: 0.913717
Valid loss: 1.339587
0.8475094766243267
a1: 0.7807215433680257
a2: 0.1524430335450792
a3: 0.04479688165525521
a4: 0.0220385414316399
65200
15282
Val cmap: 0.913688
Valid loss: 1.337435
0.8477010538914193
a1: 0.7381031966641144
a2: 0.16497948644153973
a3: 0.05382503030463857
a4: 0.04309228658970731
65200
15282
Val cmap: 0.913687
Valid loss: 1.338078
0.8476526133794388
a1: 0.7648301547339542
a2: 0.15785600859042795
a3: 0.04075788012008088
a4: 0.03655595655553696
65200
15282
Val cmap: 0.913687
Valid loss: 1.337663
0.8477089845048881
a1: 0.7180114465840054
a2: 0.173668562101658
a3: 0.022868963742652352
a4: 0.08545102757168427
65200
15282
Val cmap: 0.913738
Valid loss: 1.338354
0.8477089845048881
a1: 0.6930306167750039
a2: 0.1382371204693582
a3: 0.033066530234599774
a4: 0.13566573252103814
65200
15282
Val cmap: 0.913680
Valid loss: 1.340022
0.8474328278797553
a1: 0.7481052756430451
a2: 0.16224006717838904
a3: 0.04805658047141276
a4: 0.041598076707153125
65200
15282
Val cmap: 0.913706
Valid loss: 1.337926
0.8476244306280546
a1: 0.7343509112070522
a2: 0.15209728666281372
a3: 0.05739564652714062
a4: 0.05615615560299346
65200
15282
Val cmap: 0.913748
Valid loss: 1.338556
0.8476706680411
a1: 0.7225699018907671
a2: 0.15539209203260287
a3: 0.052675580451385554
a4: 0.06936242562524449
65200
15282
Val cmap: 0.913714
Valid loss: 1.338752
0.8476627435334797
a1: 0.7652916870033917
a2: 0.16703111377582466
a3: 0.044670303326050126
a4: 0.023006895894733537
65200
15282
Val cmap: 0.913699
Valid loss: 1.337367
0.8477472984206151
a1: 0.39536922425821386
a2: 0.2017292075562296
a3: 0.061439904413231605
a4: 0.34146166377232495
65200
15282
Val cmap: 0.913597
Valid loss: 1.345603
0.8481417343812443
